<?xml version="1.0" encoding="UTF-8"?>
<!-- Generated by org.testng.reporters.JUnitReportReporter -->
<testsuite skipped="0" hostname="LAPTOP-2NAO6QUM" name="testng.DemoTestNg" tests="3" failures="0" timestamp="06 Sep 2020 08:06:26 GMT" time="3.119" errors="0">
  <testcase name="aaaa" time="0.003" classname="testng.DemoTestNg"/>
  <testcase name="zzzz" time="0.010" classname="testng.DemoTestNg"/>
  <testcase name="xxxx" time="3.106" classname="testng.DemoTestNg"/>
</testsuite> <!-- testng.DemoTestNg -->
